
================================================================================
ERROR LOGGED: 2026-06-16T19:30:52.935Z
User ID: djiojo101047@th-nuernberg.de
================================================================================
Error Name: Error
Error Message: spawn EFTYPE

Stack Trace:
Error: spawn EFTYPE
    at ChildProcess.spawn (node:internal/child_process:440:11)
    at spawn (node:child_process:797:9)
    at h (file:///C:/Users/IRUZ/AppData/Roaming/npm/node_modules/bobshell/bundle/bob.js:2272:937)
    at new Promise (<anonymous>)
    at Inr.performRipgrepSearch (file:///C:/Users/IRUZ/AppData/Roaming/npm/node_modules/bobshell/bundle/bob.js:2272:911)
    at async Inr.execute (file:///C:/Users/IRUZ/AppData/Roaming/npm/node_modules/bobshell/bundle/bob.js:2269:36382)
    at async file:///C:/Users/IRUZ/AppData/Roaming/npm/node_modules/bobshell/bundle/bob.js:2457:9503
    at async cR (file:///C:/Users/IRUZ/AppData/Roaming/npm/node_modules/bobshell/bundle/bob.js:800:17190)
    at async t.attemptExecutionOfScheduledCalls (file:///C:/Users/IRUZ/AppData/Roaming/npm/node_modules/bobshell/bundle/bob.js:2457:9175)
    at async t._processNextInQueue (file:///C:/Users/IRUZ/AppData/Roaming/npm/node_modules/bobshell/bundle/bob.js:2457:7046)
================================================================================


================================================================================
ERROR LOGGED: 2026-06-16T19:30:52.943Z
User ID: djiojo101047@th-nuernberg.de
================================================================================
Error Name: Error
Error Message: spawn EFTYPE

Stack Trace:
Error: spawn EFTYPE
    at ChildProcess.spawn (node:internal/child_process:440:11)
    at spawn (node:child_process:797:9)
    at h (file:///C:/Users/IRUZ/AppData/Roaming/npm/node_modules/bobshell/bundle/bob.js:2272:937)
    at new Promise (<anonymous>)
    at Inr.performRipgrepSearch (file:///C:/Users/IRUZ/AppData/Roaming/npm/node_modules/bobshell/bundle/bob.js:2272:911)
    at async Inr.execute (file:///C:/Users/IRUZ/AppData/Roaming/npm/node_modules/bobshell/bundle/bob.js:2269:36382)
    at async file:///C:/Users/IRUZ/AppData/Roaming/npm/node_modules/bobshell/bundle/bob.js:2457:9503
    at async cR (file:///C:/Users/IRUZ/AppData/Roaming/npm/node_modules/bobshell/bundle/bob.js:800:17190)
    at async t.attemptExecutionOfScheduledCalls (file:///C:/Users/IRUZ/AppData/Roaming/npm/node_modules/bobshell/bundle/bob.js:2457:9175)
    at async t._processNextInQueue (file:///C:/Users/IRUZ/AppData/Roaming/npm/node_modules/bobshell/bundle/bob.js:2457:7046)
================================================================================

